2020-09-04 15:24:32.337 [t1] INFO  java.util.concurrent.locks.ReentrantLock - 尝试获得锁
2020-09-04 15:24:33.336 [main] INFO  java.util.concurrent.locks.ReentrantLock - 1秒后打断t1
2020-09-04 15:32:40.319 [t1] INFO  java.util.concurrent.locks.ReentrantLock - 尝试获得锁
2020-09-04 15:32:41.317 [main] INFO  java.util.concurrent.locks.ReentrantLock - 1秒后打断t1
2020-09-04 15:45:50.081 [柏拉图] INFO  com.dzg.thread.lock.Philosopher - eating....
2020-09-04 15:45:50.082 [赫拉克利特] INFO  com.dzg.thread.lock.Philosopher - eating....
2020-09-04 15:45:51.087 [苏格拉底] INFO  com.dzg.thread.lock.Philosopher - eating....
2020-09-04 15:45:51.088 [亚里士多德] INFO  com.dzg.thread.lock.Philosopher - eating....
2020-09-04 15:45:52.087 [阿基米德] INFO  com.dzg.thread.lock.Philosopher - eating....
2020-09-04 15:45:52.088 [柏拉图] INFO  com.dzg.thread.lock.Philosopher - eating....
2020-09-04 15:45:53.088 [赫拉克利特] INFO  com.dzg.thread.lock.Philosopher - eating....
2020-09-04 15:45:53.089 [柏拉图] INFO  com.dzg.thread.lock.Philosopher - eating....
2020-09-04 15:45:54.089 [赫拉克利特] INFO  com.dzg.thread.lock.Philosopher - eating....
2020-09-04 15:45:54.090 [苏格拉底] INFO  com.dzg.thread.lock.Philosopher - eating....
2020-09-04 15:45:55.089 [赫拉克利特] INFO  com.dzg.thread.lock.Philosopher - eating....
2020-09-04 15:45:55.090 [柏拉图] INFO  com.dzg.thread.lock.Philosopher - eating....
2020-09-04 15:45:56.089 [阿基米德] INFO  com.dzg.thread.lock.Philosopher - eating....
2020-09-04 15:45:56.090 [柏拉图] INFO  com.dzg.thread.lock.Philosopher - eating....
2020-09-04 15:45:57.090 [赫拉克利特] INFO  com.dzg.thread.lock.Philosopher - eating....
2020-09-04 15:45:57.091 [苏格拉底] INFO  com.dzg.thread.lock.Philosopher - eating....
2020-09-04 15:45:58.091 [赫拉克利特] INFO  com.dzg.thread.lock.Philosopher - eating....
2020-09-04 15:45:58.094 [苏格拉底] INFO  com.dzg.thread.lock.Philosopher - eating....
2020-09-04 15:45:59.091 [亚里士多德] INFO  com.dzg.thread.lock.Philosopher - eating....
2020-09-04 15:45:59.094 [阿基米德] INFO  com.dzg.thread.lock.Philosopher - eating....
2020-09-04 15:46:00.091 [亚里士多德] INFO  com.dzg.thread.lock.Philosopher - eating....
2020-09-04 15:46:00.094 [阿基米德] INFO  com.dzg.thread.lock.Philosopher - eating....
2020-09-04 15:46:18.026 [苏格拉底] INFO  com.dzg.thread.lock.Philosopher - eating....
2020-09-04 15:46:18.026 [亚里士多德] INFO  com.dzg.thread.lock.Philosopher - eating....
2020-09-04 15:46:19.028 [阿基米德] INFO  com.dzg.thread.lock.Philosopher - eating....
2020-09-04 15:46:19.028 [柏拉图] INFO  com.dzg.thread.lock.Philosopher - eating....
2020-09-04 15:46:20.029 [赫拉克利特] INFO  com.dzg.thread.lock.Philosopher - eating....
2020-09-04 15:46:20.029 [苏格拉底] INFO  com.dzg.thread.lock.Philosopher - eating....
2020-09-04 15:46:21.029 [阿基米德] INFO  com.dzg.thread.lock.Philosopher - eating....
2020-09-04 15:46:21.029 [亚里士多德] INFO  com.dzg.thread.lock.Philosopher - eating....
2020-09-04 15:46:22.029 [阿基米德] INFO  com.dzg.thread.lock.Philosopher - eating....
2020-09-04 15:46:22.029 [柏拉图] INFO  com.dzg.thread.lock.Philosopher - eating....
2020-09-04 15:46:23.030 [苏格拉底] INFO  com.dzg.thread.lock.Philosopher - eating....
2020-09-04 15:46:23.030 [亚里士多德] INFO  com.dzg.thread.lock.Philosopher - eating....
2020-09-04 15:46:24.030 [柏拉图] INFO  com.dzg.thread.lock.Philosopher - eating....
2020-09-04 15:46:24.030 [赫拉克利特] INFO  com.dzg.thread.lock.Philosopher - eating....
2020-09-04 15:46:25.030 [苏格拉底] INFO  com.dzg.thread.lock.Philosopher - eating....
2020-09-04 15:46:25.030 [亚里士多德] INFO  com.dzg.thread.lock.Philosopher - eating....
2020-09-04 15:46:26.031 [苏格拉底] INFO  com.dzg.thread.lock.Philosopher - eating....
2020-09-04 15:46:26.031 [赫拉克利特] INFO  com.dzg.thread.lock.Philosopher - eating....
2020-09-04 15:46:27.034 [苏格拉底] INFO  com.dzg.thread.lock.Philosopher - eating....
2020-09-04 15:46:27.034 [亚里士多德] INFO  com.dzg.thread.lock.Philosopher - eating....
2020-09-04 15:46:28.035 [亚里士多德] INFO  com.dzg.thread.lock.Philosopher - eating....
2020-09-04 15:46:28.035 [苏格拉底] INFO  com.dzg.thread.lock.Philosopher - eating....
2020-09-04 15:46:29.035 [阿基米德] INFO  com.dzg.thread.lock.Philosopher - eating....
2020-09-04 15:46:29.035 [亚里士多德] INFO  com.dzg.thread.lock.Philosopher - eating....
2020-09-04 15:46:30.036 [柏拉图] INFO  com.dzg.thread.lock.Philosopher - eating....
2020-09-04 15:46:30.036 [赫拉克利特] INFO  com.dzg.thread.lock.Philosopher - eating....
2020-09-04 15:46:31.039 [柏拉图] INFO  com.dzg.thread.lock.Philosopher - eating....
2020-09-04 15:46:31.039 [赫拉克利特] INFO  com.dzg.thread.lock.Philosopher - eating....
2020-09-04 15:46:32.039 [赫拉克利特] INFO  com.dzg.thread.lock.Philosopher - eating....
2020-09-04 15:46:32.039 [柏拉图] INFO  com.dzg.thread.lock.Philosopher - eating....
2020-09-04 15:46:33.040 [阿基米德] INFO  com.dzg.thread.lock.Philosopher - eating....
2020-09-04 15:46:33.040 [柏拉图] INFO  com.dzg.thread.lock.Philosopher - eating....
2020-09-04 15:46:34.040 [苏格拉底] INFO  com.dzg.thread.lock.Philosopher - eating....
2020-09-04 15:46:34.040 [赫拉克利特] INFO  com.dzg.thread.lock.Philosopher - eating....
2020-09-04 15:46:35.041 [柏拉图] INFO  com.dzg.thread.lock.Philosopher - eating....
2020-09-04 15:46:35.041 [赫拉克利特] INFO  com.dzg.thread.lock.Philosopher - eating....
2020-09-04 15:46:36.041 [苏格拉底] INFO  com.dzg.thread.lock.Philosopher - eating....
2020-09-04 15:46:36.041 [亚里士多德] INFO  com.dzg.thread.lock.Philosopher - eating....
2020-09-04 15:46:37.042 [苏格拉底] INFO  com.dzg.thread.lock.Philosopher - eating....
2020-09-04 15:46:37.042 [亚里士多德] INFO  com.dzg.thread.lock.Philosopher - eating....
2020-09-04 15:47:01.500 [苏格拉底] INFO  com.dzg.thread.lock.Philosopher - eating....
2020-09-04 15:47:01.507 [亚里士多德] INFO  com.dzg.thread.lock.Philosopher - eating....
2020-09-04 15:47:02.505 [阿基米德] INFO  com.dzg.thread.lock.Philosopher - eating....
2020-09-04 15:47:02.508 [柏拉图] INFO  com.dzg.thread.lock.Philosopher - eating....
2020-09-04 15:47:03.507 [赫拉克利特] INFO  com.dzg.thread.lock.Philosopher - eating....
2020-09-04 15:47:03.510 [柏拉图] INFO  com.dzg.thread.lock.Philosopher - eating....
2020-09-04 15:47:04.508 [阿基米德] INFO  com.dzg.thread.lock.Philosopher - eating....
2020-09-04 15:47:04.511 [柏拉图] INFO  com.dzg.thread.lock.Philosopher - eating....
2020-09-04 15:47:05.509 [赫拉克利特] INFO  com.dzg.thread.lock.Philosopher - eating....
2020-09-04 15:47:05.512 [苏格拉底] INFO  com.dzg.thread.lock.Philosopher - eating....
2020-09-04 15:47:06.509 [赫拉克利特] INFO  com.dzg.thread.lock.Philosopher - eating....
2020-09-04 15:47:06.512 [苏格拉底] INFO  com.dzg.thread.lock.Philosopher - eating....
2020-09-04 15:50:37.933 [亚里士多德] INFO  com.dzg.thread.lock.Philosopher - eating....
2020-09-04 15:50:37.934 [苏格拉底] INFO  com.dzg.thread.lock.Philosopher - eating....
2020-09-04 15:50:38.937 [亚里士多德] INFO  com.dzg.thread.lock.Philosopher - eating....
2020-09-04 15:50:38.938 [阿基米德] INFO  com.dzg.thread.lock.Philosopher - eating....
2020-09-04 15:50:39.938 [柏拉图] INFO  com.dzg.thread.lock.Philosopher - eating....
2020-09-04 15:50:39.939 [赫拉克利特] INFO  com.dzg.thread.lock.Philosopher - eating....
2020-09-04 15:50:40.939 [苏格拉底] INFO  com.dzg.thread.lock.Philosopher - eating....
2020-09-04 15:50:40.940 [赫拉克利特] INFO  com.dzg.thread.lock.Philosopher - eating....
